=== div ===
Unit Count = 2000000
Gas/Unit = 5

 Performance counter stats for '../../target/release/div ../../target/release/div':

            602.46 msec task-clock:u                     #    0.997 CPUs utilized             
                 0      context-switches:u               #    0.000 /sec                      
                 0      cpu-migrations:u                 #    0.000 /sec                      
                57      page-faults:u                    #   94.612 /sec                      
       963,904,242      cycles:u                         #    1.600 GHz                       
       980,417,539      instructions:u                   #    1.02  insn per cycle            
        84,040,156      branches:u                       #  139.494 M/sec                     
             6,144      branch-misses:u                  #    0.01% of all branches           

       0.604373809 seconds time elapsed

       0.600450000 seconds user
       0.004003000 seconds sys


=== ecrecover ===
Unit Count = 50000
Gas/Unit = 3000

 Performance counter stats for '../../target/release/ecrecover ../../target/release/ecrecover':

          20279.79 msec task-clock:u                     #    1.000 CPUs utilized             
                 0      context-switches:u               #    0.000 /sec                      
                 0      cpu-migrations:u                 #    0.000 /sec                      
                67      page-faults:u                    #    3.304 /sec                      
       32447205050      cycles:u                         #    1.600 GHz                       
       29048576751      instructions:u                   #    0.90  insn per cycle            
         179241343      branches:u                       #    8.838 M/sec                     
           2181949      branch-misses:u                  #    1.22% of all branches           

      20.285039279 seconds time elapsed

      20.276991000 seconds user
       0.003999000 seconds sys


=== keccak ===
Unit Count = 49152000
Gas/Unit = 0.1875

 Performance counter stats for '../../target/release/keccak ../../target/release/keccak':

            986.19 msec task-clock:u                     #    0.998 CPUs utilized             
                 0      context-switches:u               #    0.000 /sec                      
                 0      cpu-migrations:u                 #    0.000 /sec                      
               175      page-faults:u                    #  177.450 /sec                      
        1577877640      cycles:u                         #    1.600 GHz                       
        2471906573      instructions:u                   #    1.57  insn per cycle            
           9813077      branches:u                       #    9.950 M/sec                     
              6216      branch-misses:u                  #    0.06% of all branches           

       0.988032063 seconds time elapsed

       0.980104000 seconds user
       0.008000000 seconds sys


=== mul ===
Unit Count = 2000000
Gas/Unit = 5

 Performance counter stats for '../../target/release/mul ../../target/release/mul':

           127.55 msec task-clock:u                     #    0.985 CPUs utilized             
                 0      context-switches:u               #    0.000 /sec                      
                 0      cpu-migrations:u                 #    0.000 /sec                      
                56      page-faults:u                    #  439.049 /sec                      
       204,047,573      cycles:u                         #    1.600 GHz                       
       121,971,573      instructions:u                   #    0.60  insn per cycle            
         2,040,311      branches:u                       #   15.996 M/sec                     
             5,450      branch-misses:u                  #    0.27% of all branches           

       0.129440829 seconds time elapsed

       0.129629000 seconds user
       0.000000000 seconds sys

=== noop ===
Unit Count = 1
Gas/Unit = 1

 Performance counter stats for '../../target/release/noop ../../target/release/noop':

              3.36 msec task-clock:u                     #    0.656 CPUs utilized             
                 0      context-switches:u               #    0.000 /sec                      
                 0      cpu-migrations:u                 #    0.000 /sec                      
                57      page-faults:u                    #   16.977 K/sec                     
           5356295      cycles:u                         #    1.595 GHz                       
           1840739      instructions:u                   #    0.34  insn per cycle            
             40303      branches:u                       #   12.004 M/sec                     
              5458      branch-misses:u                  #   13.54% of all branches           

       0.005116066 seconds time elapsed

       0.000000000 seconds user
       0.005345000 seconds sys


=== precompile_BLS12_G1ADD ===
Unit Count = 5000
Gas/Unit = 375

 Performance counter stats for '../../target/release/precompile_BLS12_G1ADD ../../target/release/precompile_BLS12_G1ADD':

            817.03 msec task-clock:u                     #    0.998 CPUs utilized             
                 0      context-switches:u               #    0.000 /sec                      
                 0      cpu-migrations:u                 #    0.000 /sec                      
                57      page-faults:u                    #   69.765 /sec                      
        1307219248      cycles:u                         #    1.600 GHz                       
        1564784689      instructions:u                   #    1.20  insn per cycle            
         117456624      branches:u                       #  143.761 M/sec                     
            177991      branch-misses:u                  #    0.15% of all branches           

       0.818871311 seconds time elapsed

       0.815007000 seconds user
       0.004014000 seconds sys


=== precompile_BLS12_G1MSM ===
Unit Count = 500
Gas/Unit = 1594368

 Performance counter stats for '../../target/release/precompile_BLS12_G1MSM ../../target/release/precompile_BLS12_G1MSM':

         563161.60 msec task-clock:u                     #    1.383 CPUs utilized             
                 0      context-switches:u               #    0.000 /sec                      
                 0      cpu-migrations:u                 #    0.000 /sec                      
               241      page-faults:u                    #    0.428 /sec                      
      900918317032      cycles:u                         #    1.600 GHz                       
      962851520777      instructions:u                   #    1.07  insn per cycle            
       74229555697      branches:u                       #  131.809 M/sec                     
         217898454      branch-misses:u                  #    0.29% of all branches           

     407.156937890 seconds time elapsed

     562.472025000 seconds user
       0.687916000 seconds sys


=== precompile_BLS12_G2ADD ===
Unit Count = 5000
Gas/Unit = 600

 Performance counter stats for '../../target/release/precompile_BLS12_G2ADD ../../target/release/precompile_BLS12_G2ADD':

           1490.86 msec task-clock:u                     #    0.999 CPUs utilized             
                 0      context-switches:u               #    0.000 /sec                      
                 0      cpu-migrations:u                 #    0.000 /sec                      
                59      page-faults:u                    #   39.575 /sec                      
        2385329507      cycles:u                         #    1.600 GHz                       
        2758162784      instructions:u                   #    1.16  insn per cycle            
         210782451      branches:u                       #  141.383 M/sec                     
            443198      branch-misses:u                  #    0.21% of all branches           

       1.492847631 seconds time elapsed

       1.488921000 seconds user
       0.004002000 seconds sys


=== precompile_BLS12_G2MSM ===
Unit Count = 500
Gas/Unit = 1509120

 Performance counter stats for '../../target/release/precompile_BLS12_G2MSM ../../target/release/precompile_BLS12_G2MSM':

         563449.78 msec task-clock:u                     #    1.941 CPUs utilized             
                 0      context-switches:u               #    0.000 /sec                      
                 0      cpu-migrations:u                 #    0.000 /sec                      
               290      page-faults:u                    #    0.515 /sec                      
      901403563199      cycles:u                         #    1.600 GHz                       
      987365809057      instructions:u                   #    1.10  insn per cycle            
       76688654409      branches:u                       #  136.106 M/sec                     
         208719637      branch-misses:u                  #    0.27% of all branches           

     290.216579437 seconds time elapsed

     562.780290000 seconds user
       0.643689000 seconds sys


=== precompile_BLS12_MAP_FP2_TO_G2 ===
Unit Count = 5000
Gas/Unit = 23800

 Performance counter stats for '../../target/release/precompile_BLS12_MAP_FP2_TO_G2 ../../target/release/precompile_BLS12_MAP_FP2_TO_G2':

          55400.85 msec task-clock:u                     #    1.000 CPUs utilized             
                 0      context-switches:u               #    0.000 /sec                      
                 0      cpu-migrations:u                 #    0.000 /sec                      
                57      page-faults:u                    #    1.029 /sec                      
       88640205520      cycles:u                         #    1.600 GHz                       
       95601581067      instructions:u                   #    1.08  insn per cycle            
        7497104223      branches:u                       #  135.325 M/sec                     
          22650682      branch-misses:u                  #    0.30% of all branches           

      55.411628624 seconds time elapsed

      55.385290000 seconds user
       0.015999000 seconds sys


=== precompile_BLS12_MAP_FP_TO_G1 ===
Unit Count = 5000
Gas/Unit = 5500

 Performance counter stats for '../../target/release/precompile_BLS12_MAP_FP_TO_G1 ../../target/release/precompile_BLS12_MAP_FP_TO_G1':

          15679.49 msec task-clock:u                     #    0.999 CPUs utilized             
                 0      context-switches:u               #    0.000 /sec                      
                 0      cpu-migrations:u                 #    0.000 /sec                      
                57      page-faults:u                    #    3.635 /sec                      
       25086072788      cycles:u                         #    1.600 GHz                       
       25971203875      instructions:u                   #    1.04  insn per cycle            
        2030935462      branches:u                       #  129.528 M/sec                     
           7126800      branch-misses:u                  #    0.35% of all branches           

      15.690570839 seconds time elapsed

      15.673026000 seconds user
       0.007996000 seconds sys


=== precompile_BLS12_PAIRING_CHECK ===
Unit Count = 5000
Gas/Unit = 260000

 Performance counter stats for '../../target/release/precompile_BLS12_PAIRING_CHECK ../../target/release/precompile_BLS12_PAIRING_CHECK':

         157017.48 msec task-clock:u                     #    1.000 CPUs utilized             
                 0      context-switches:u               #    0.000 /sec                      
                 0      cpu-migrations:u                 #    0.000 /sec                      
                71      page-faults:u                    #    0.452 /sec                      
      251224725412      cycles:u                         #    1.600 GHz                       
      217714840936      instructions:u                   #    0.87  insn per cycle            
        4698865472      branches:u                       #   29.926 M/sec                     
         398342426      branch-misses:u                  #    8.48% of all branches           

     157.053586987 seconds time elapsed

     157.010218000 seconds user
       0.003999000 seconds sys


=== precompile_blake2 ===
Unit Count = 5000
Gas/Unit = 256

 Performance counter stats for '../../target/release/precompile_blake2 ../../target/release/precompile_blake2':

            207.78 msec task-clock:u                     #    0.990 CPUs utilized             
                 0      context-switches:u               #    0.000 /sec                      
                 0      cpu-migrations:u                 #    0.000 /sec                      
                54      page-faults:u                    #  259.894 /sec                      
         332389724      cycles:u                         #    1.600 GHz                       
         404927945      instructions:u                   #    1.22  insn per cycle            
          22155386      branches:u                       #  106.631 M/sec                     
             10389      branch-misses:u                  #    0.05% of all branches           

       0.209808364 seconds time elapsed

       0.205678000 seconds user
       0.004032000 seconds sys


=== precompile_ec_add ===
Unit Count = 2000000
Gas/Unit = 6000

 Performance counter stats for '../../target/release/precompile_ec_add ../../target/release/precompile_ec_add':

          82325.25 msec task-clock:u                     #    1.000 CPUs utilized             
                 0      context-switches:u               #    0.000 /sec                      
                 0      cpu-migrations:u                 #    0.000 /sec                      
                56      page-faults:u                    #    0.680 /sec                      
      131718521791      cycles:u                         #    1.600 GHz                       
      148124754390      instructions:u                   #    1.12  insn per cycle            
       14086036823      branches:u                       #  171.102 M/sec                     
         975045872      branch-misses:u                  #    6.92% of all branches           

      82.339037747 seconds time elapsed

      82.320552000 seconds user
       0.003999000 seconds sys


=== precompile_ec_mul ===
Unit Count = 20000
Gas/Unit = 6000

 Performance counter stats for '../../target/release/precompile_ec_mul ../../target/release/precompile_ec_mul':

          31251.03 msec task-clock:u                     #    1.000 CPUs utilized             
                 0      context-switches:u               #    0.000 /sec                      
                 0      cpu-migrations:u                 #    0.000 /sec                      
                58      page-faults:u                    #    1.856 /sec                      
       50000236002      cycles:u                         #    1.600 GHz                       
       41794037773      instructions:u                   #    0.84  insn per cycle            
        1025520470      branches:u                       #   32.816 M/sec                     
          67914827      branch-misses:u                  #    6.62% of all branches           

      31.263704885 seconds time elapsed

      31.243370000 seconds user
       0.007996000 seconds sys


=== precompile_ec_pair ===
Unit Count = 5000
Gas/Unit = 113000

 Performance counter stats for '../../target/release/precompile_ec_pair ../../target/release/precompile_ec_pair':

         157074.13 msec task-clock:u                     #    1.000 CPUs utilized             
                 0      context-switches:u               #    0.000 /sec                      
                 0      cpu-migrations:u                 #    0.000 /sec                      
                70      page-faults:u                    #    0.446 /sec                      
      251314387806      cycles:u                         #    1.600 GHz                       
      217710656159      instructions:u                   #    0.87  insn per cycle            
        4698865480      branches:u                       #   29.915 M/sec                     
         403879764      branch-misses:u                  #    8.60% of all branches           

     157.118636912 seconds time elapsed

     157.065605000 seconds user
       0.003999000 seconds sys


=== precompile_ecrecover ===
Unit Count = 50000
Gas/Unit = 3000

 Performance counter stats for '../../target/release/precompile_ecrecover ../../target/release/precompile_ecrecover':

          19946.68 msec task-clock:u                     #    1.000 CPUs utilized             
                 0      context-switches:u               #    0.000 /sec                      
                 0      cpu-migrations:u                 #    0.000 /sec                      
                70      page-faults:u                    #    3.509 /sec                      
       31914253275      cycles:u                         #    1.600 GHz                       
       28754717510      instructions:u                   #    0.90  insn per cycle            
         195995210      branches:u                       #    9.826 M/sec                     
           3745857      branch-misses:u                  #    1.91% of all branches           

      19.951017232 seconds time elapsed

      19.944019000 seconds user
       0.004000000 seconds sys


=== precompile_kzg_point ===
Unit Count = 5000
Gas/Unit = 50000

 Performance counter stats for '../../target/release/precompile_kzg_point ../../target/release/precompile_kzg_point':

         470806.30 msec task-clock:u                     #    1.000 CPUs utilized             
                 0      context-switches:u               #    0.000 /sec                      
                 0      cpu-migrations:u                 #    0.000 /sec                      
               279      page-faults:u                    #    0.593 /sec                      
      753270761813      cycles:u                         #    1.600 GHz                       
      841624870289      instructions:u                   #    1.12  insn per cycle            
       66100138759      branches:u                       #  140.398 M/sec                     
         177310601      branch-misses:u                  #    0.27% of all branches           

     470.973479345 seconds time elapsed

     470.765629000 seconds user
       0.015993000 seconds sys


=== precompile_modexp ===
Unit Count = 2000000
Gas/Unit = 44954

 Performance counter stats for '../../target/release/precompile_modexp ../../target/release/precompile_modexp':

           4958.24 msec task-clock:u                     #    0.999 CPUs utilized             
                 0      context-switches:u               #    0.000 /sec                      
                 0      cpu-migrations:u                 #    0.000 /sec                      
                59      page-faults:u                    #   11.899 /sec                      
        7933049945      cycles:u                         #    1.600 GHz                       
       10330379074      instructions:u                   #    1.30  insn per cycle            
        1076040488      branches:u                       #  217.021 M/sec                     
             17093      branch-misses:u                  #    0.00% of all branches           

       4.960914547 seconds time elapsed

       4.956047000 seconds user
       0.004000000 seconds sys


=== precompile_ripemd160 ===
Unit Count = 49152000
Gas/Unit = 3.75

 Performance counter stats for '../../target/release/precompile_ripemd160 ../../target/release/precompile_ripemd160':

            716.37 msec task-clock:u                     #    0.997 CPUs utilized             
                 0      context-switches:u               #    0.000 /sec                      
                 0      cpu-migrations:u                 #    0.000 /sec                      
               383      page-faults:u                    #  534.640 /sec                      
        1146156485      cycles:u                         #    1.600 GHz                       
        1832955480      instructions:u                   #    1.60  insn per cycle            
           1578026      branches:u                       #    2.203 M/sec                     
              5663      branch-misses:u                  #    0.36% of all branches           

       0.718322703 seconds time elapsed

       0.710308000 seconds user
       0.008026000 seconds sys


=== precompile_sha256 ===
Unit Count = 49152000
Gas/Unit = 0.375

 Performance counter stats for '../../target/release/precompile_sha256 ../../target/release/precompile_sha256':

           1296.74 msec task-clock:u                     #    0.998 CPUs utilized             
                 0      context-switches:u               #    0.000 /sec                      
                 0      cpu-migrations:u                 #    0.000 /sec                      
               385      page-faults:u                    #  296.899 /sec                      
        2074705504      cycles:u                         #    1.600 GHz                       
        2947047568      instructions:u                   #    1.42  insn per cycle            
           1576836      branches:u                       #    1.216 M/sec                     
              5709      branch-misses:u                  #    0.36% of all branches           

       1.298960701 seconds time elapsed

       1.290762000 seconds user
       0.007992000 seconds sys


=== sha256 ===
Unit Count = 49152000
Gas/Unit = 0.375

 Performance counter stats for '../../target/release/sha256 ../../target/release/sha256':

           1290.25 msec task-clock:u                     #    0.998 CPUs utilized             
                 0      context-switches:u               #    0.000 /sec                      
                 0      cpu-migrations:u                 #    0.000 /sec                      
               176      page-faults:u                    #  136.407 /sec                      
        2064362066      cycles:u                         #    1.600 GHz                       
        2938980005      instructions:u                   #    1.42  insn per cycle            
            819896      branches:u                       #  635.453 K/sec                     
              5538      branch-misses:u                  #    0.68% of all branches           

       1.292241135 seconds time elapsed

       1.284250000 seconds user
       0.008001000 seconds sys


=== sigverify ===
Unit Count = 50000
Gas/Unit = 3000

 Performance counter stats for '../../target/release/sigverify ../../target/release/sigverify':

          17453.29 msec task-clock:u                     #    1.000 CPUs utilized             
                 0      context-switches:u               #    0.000 /sec                      
                 0      cpu-migrations:u                 #    0.000 /sec                      
                66      page-faults:u                    #    3.782 /sec                      
       27924653024      cycles:u                         #    1.600 GHz                       
       25230197822      instructions:u                   #    0.90  insn per cycle            
         141691534      branches:u                       #    8.118 M/sec                     
            784146      branch-misses:u                  #    0.55% of all branches           

      17.461975010 seconds time elapsed

      17.450632000 seconds user
       0.003998000 seconds sys


=== solidity_fibonacci ===
Unit Count = 50000
Gas/Unit = 26968

 Performance counter stats for '../../target/release/solidity_fibonacci ../../target/release/solidity_fibonacci':

           3441.53 msec task-clock:u                     #    0.999 CPUs utilized             
                 0      context-switches:u               #    0.000 /sec                      
                 0      cpu-migrations:u                 #    0.000 /sec                      
                83      page-faults:u                    #   24.117 /sec                      
        5506374972      cycles:u                         #    1.600 GHz                       
        6166379672      instructions:u                   #    1.12  insn per cycle            
         533011003      branches:u                       #  154.876 M/sec                     
           4317277      branch-misses:u                  #    0.81% of all branches           

       3.443746225 seconds time elapsed

       3.435403000 seconds user
       0.007998000 seconds sys


=== solidity_sqrt ===
Unit Count = 50000
Gas/Unit = 23386

 Performance counter stats for '../../target/release/solidity_sqrt ../../target/release/solidity_sqrt':

           2279.11 msec task-clock:u                     #    0.999 CPUs utilized             
                 0      context-switches:u               #    0.000 /sec                      
                 0      cpu-migrations:u                 #    0.000 /sec                      
                82      page-faults:u                    #   35.979 /sec                      
        3646520281      cycles:u                         #    1.600 GHz                       
        3970739036      instructions:u                   #    1.09  insn per cycle            
         302984094      branches:u                       #  132.939 M/sec                     
           4168614      branch-misses:u                  #    1.38% of all branches           

       2.281163132 seconds time elapsed

       2.277003000 seconds user
       0.004001000 seconds sys

